2022-10-13 12:19:42,432 [Worker-1] INFO  c.g.t.t.d.PublishedGradleVersions - Gradle version information cache is up-to-date. Trying to read.
2022-10-13 12:21:58,848 [Worker-25] INFO  o.e.m.c.i.l.LifecycleMappingFactory - Using org.maven.ide.eclipse.wtp.WarLifecycleMapping lifecycle mapping for MavenProject: kr.or.focu:frwk:1.0.0 @ C:\Users\simpl\workspace_kfors\frwk\pom.xml.
2022-10-13 12:21:59,695 [Worker-25] INFO  o.e.m.c.i.e.AbstractTransferListenerAdapter - Downloaded file://C:\Users\simpl\workspace_kfors\frwk/lib/com/tmax/tibero/tibero-jdbc/7.0/tibero-jdbc-7.0.pom
2022-10-13 12:21:59,702 [Worker-25] WARN  o.e.m.c.i.embedder.EclipseLogger - The POM for com.tmax.tibero:tibero-jdbc:jar:7.0 is missing, no dependency information available
2022-10-13 12:22:01,168 [Worker-25] WARN  o.e.m.c.i.embedder.EclipseLogger - The POM for com.tmax.tibero:tibero-jdbc:jar:7.0 is missing, no dependency information available
2022-10-13 12:22:04,243 [Worker-25] WARN  o.e.m.c.i.embedder.EclipseLogger - Using platform encoding (UTF-8 actually) to copy filtered resources, i.e. build is platform dependent!
2022-10-13 12:22:04,252 [Worker-25] INFO  o.e.m.c.i.embedder.EclipseLogger - Copying 15 resources
2022-10-13 12:22:04,326 [Worker-25] WARN  o.e.m.c.i.embedder.EclipseLogger - Using platform encoding (UTF-8 actually) to copy filtered resources, i.e. build is platform dependent!
2022-10-13 12:22:04,327 [Worker-25] INFO  o.e.m.c.i.embedder.EclipseLogger - skip non existing resourceDirectory C:\Users\simpl\workspace_kfors\frwk\src\test\resources
2022-10-13 12:22:09,585 [Worker-23] WARN  o.e.m.c.i.embedder.EclipseLogger - The POM for com.tmax.tibero:tibero-jdbc:jar:7.0 is missing, no dependency information available
2022-10-13 12:22:10,099 [Worker-23] WARN  o.e.m.c.i.embedder.EclipseLogger - Using platform encoding (UTF-8 actually) to copy filtered resources, i.e. build is platform dependent!
2022-10-13 12:22:10,103 [Worker-23] INFO  o.e.m.c.i.embedder.EclipseLogger - Copying 0 resource
2022-10-13 12:22:10,104 [Worker-23] WARN  o.e.m.c.i.embedder.EclipseLogger - Using platform encoding (UTF-8 actually) to copy filtered resources, i.e. build is platform dependent!
2022-10-13 12:22:10,105 [Worker-23] INFO  o.e.m.c.i.embedder.EclipseLogger - skip non existing resourceDirectory C:\Users\simpl\workspace_kfors\frwk\src\test\resources
2022-10-13 12:27:03,023 [Worker-0] INFO  c.g.t.t.d.PublishedGradleVersions - Gradle version information cache is up-to-date. Trying to read.
2022-10-13 12:27:18,193 [Worker-30] WARN  o.e.m.c.i.embedder.EclipseLogger - The POM for com.tmax.tibero:tibero-jdbc:jar:7.0 is missing, no dependency information available
2022-10-13 12:27:19,810 [Worker-30] WARN  o.e.m.c.i.embedder.EclipseLogger - Using platform encoding (UTF-8 actually) to copy filtered resources, i.e. build is platform dependent!
2022-10-13 12:27:19,822 [Worker-30] INFO  o.e.m.c.i.embedder.EclipseLogger - Copying 15 resources
2022-10-13 12:27:19,839 [Worker-30] WARN  o.e.m.c.i.embedder.EclipseLogger - Using platform encoding (UTF-8 actually) to copy filtered resources, i.e. build is platform dependent!
2022-10-13 12:27:19,841 [Worker-30] INFO  o.e.m.c.i.embedder.EclipseLogger - skip non existing resourceDirectory C:\Users\simpl\workspace_kfors\frwk\src\test\resources
2022-10-13 12:27:52,777 [Worker-28] INFO  o.e.m.c.i.p.ProjectConfigurationManager - Update started
2022-10-13 12:27:54,664 [Worker-28] INFO  o.e.m.c.i.l.LifecycleMappingFactory - Using org.maven.ide.eclipse.wtp.WarLifecycleMapping lifecycle mapping for MavenProject: kr.or.focu:frwk:1.0.0 @ C:\Users\simpl\workspace_kfors\frwk\pom.xml.
2022-10-13 12:27:55,206 [Worker-28] WARN  o.e.m.c.i.embedder.EclipseLogger - The POM for com.tmax.tibero:tibero-jdbc:jar:7.0 is missing, no dependency information available
2022-10-13 12:27:57,750 [Worker-28] INFO  o.e.m.j.i.AbstractJavaProjectConfigurator - Adding source folder /frwk/src/main/java
2022-10-13 12:27:57,751 [Worker-28] INFO  o.e.m.j.i.AbstractJavaProjectConfigurator - Adding resource folder /frwk/src/main/resources
2022-10-13 12:27:57,752 [Worker-28] INFO  o.e.m.j.i.AbstractJavaProjectConfigurator - Adding source folder /frwk/src/test/java
2022-10-13 12:28:03,370 [Worker-28] WARN  o.e.m.c.i.embedder.EclipseLogger - The POM for com.tmax.tibero:tibero-jdbc:jar:7.0 is missing, no dependency information available
2022-10-13 12:28:04,541 [Worker-28] INFO  o.e.m.w.i.f.ResourceFilteringBuildParticipant - Cleaning filtered folder for frwk
2022-10-13 12:28:04,561 [Worker-28] INFO  o.e.m.c.i.p.ProjectConfigurationManager - Update completed: 11 sec
2022-10-13 12:28:06,728 [Worker-4] WARN  o.e.m.c.i.embedder.EclipseLogger - The POM for com.tmax.tibero:tibero-jdbc:jar:7.0 is missing, no dependency information available
2022-10-13 12:28:07,359 [Worker-4] WARN  o.e.m.c.i.embedder.EclipseLogger - Using platform encoding (UTF-8 actually) to copy filtered resources, i.e. build is platform dependent!
2022-10-13 12:28:07,362 [Worker-4] INFO  o.e.m.c.i.embedder.EclipseLogger - Copying 15 resources
2022-10-13 12:28:07,482 [Worker-4] WARN  o.e.m.c.i.embedder.EclipseLogger - Using platform encoding (UTF-8 actually) to copy filtered resources, i.e. build is platform dependent!
2022-10-13 12:28:07,483 [Worker-4] INFO  o.e.m.c.i.embedder.EclipseLogger - skip non existing resourceDirectory C:\Users\simpl\workspace_kfors\frwk\src\test\resources
2022-10-13 12:28:07,484 [Worker-4] INFO  o.e.m.w.i.f.ResourceFilteringBuildParticipant - Changed resources require a complete clean of filtered resources of frwk
2022-10-13 12:28:07,485 [Worker-4] INFO  o.e.m.w.i.f.ResourceFilteringBuildParticipant - Executing resource filtering for frwk
2022-10-13 12:28:07,511 [Worker-4] WARN  o.e.m.c.i.embedder.EclipseLogger - Using platform encoding (UTF-8 actually) to copy filtered resources, i.e. build is platform dependent!
2022-10-13 13:44:02,175 [Worker-0] INFO  c.g.t.t.d.PublishedGradleVersions - Gradle version information cache is up-to-date. Trying to read.
2022-10-13 13:44:47,663 [Worker-8] WARN  o.e.m.c.i.embedder.EclipseLogger - The POM for com.tmax.tibero:tibero-jdbc:jar:7.0 is missing, no dependency information available
2022-10-13 13:44:48,336 [Worker-8] INFO  o.e.m.w.i.f.ResourceFilteringBuildParticipant - Cleaning filtered folder for frwk
2022-10-13 13:44:55,145 [Worker-18] WARN  o.e.m.c.i.embedder.EclipseLogger - Using platform encoding (UTF-8 actually) to copy filtered resources, i.e. build is platform dependent!
2022-10-13 13:44:55,158 [Worker-18] INFO  o.e.m.c.i.embedder.EclipseLogger - Copying 15 resources
2022-10-13 13:44:55,272 [Worker-18] WARN  o.e.m.c.i.embedder.EclipseLogger - Using platform encoding (UTF-8 actually) to copy filtered resources, i.e. build is platform dependent!
2022-10-13 13:44:55,274 [Worker-18] INFO  o.e.m.c.i.embedder.EclipseLogger - skip non existing resourceDirectory C:\Users\simpl\workspace_kfors\frwk\src\test\resources
2022-10-13 13:44:55,275 [Worker-18] INFO  o.e.m.w.i.f.ResourceFilteringBuildParticipant - Changed resources require a complete clean of filtered resources of frwk
2022-10-13 13:44:55,278 [Worker-18] INFO  o.e.m.w.i.f.ResourceFilteringBuildParticipant - Executing resource filtering for frwk
2022-10-13 13:44:55,534 [Worker-18] WARN  o.e.m.c.i.embedder.EclipseLogger - Using platform encoding (UTF-8 actually) to copy filtered resources, i.e. build is platform dependent!
2022-10-13 13:54:19,660 [Worker-5] INFO  o.e.m.w.i.f.ResourceFilteringBuildParticipant - Cleaning filtered folder for frwk
2022-10-13 13:54:21,389 [Worker-32] WARN  o.e.m.c.i.embedder.EclipseLogger - Using platform encoding (UTF-8 actually) to copy filtered resources, i.e. build is platform dependent!
2022-10-13 13:54:21,391 [Worker-32] INFO  o.e.m.c.i.embedder.EclipseLogger - Copying 15 resources
2022-10-13 13:54:21,520 [Worker-32] WARN  o.e.m.c.i.embedder.EclipseLogger - Using platform encoding (UTF-8 actually) to copy filtered resources, i.e. build is platform dependent!
2022-10-13 13:54:21,522 [Worker-32] INFO  o.e.m.c.i.embedder.EclipseLogger - skip non existing resourceDirectory C:\Users\simpl\workspace_kfors\frwk\src\test\resources
2022-10-13 13:54:21,523 [Worker-32] INFO  o.e.m.w.i.f.ResourceFilteringBuildParticipant - Changed resources require a complete clean of filtered resources of frwk
2022-10-13 13:54:21,523 [Worker-32] INFO  o.e.m.w.i.f.ResourceFilteringBuildParticipant - Executing resource filtering for frwk
2022-10-13 13:54:21,554 [Worker-32] WARN  o.e.m.c.i.embedder.EclipseLogger - Using platform encoding (UTF-8 actually) to copy filtered resources, i.e. build is platform dependent!
2022-10-13 14:08:14,485 [Worker-39] INFO  o.e.m.c.i.p.ProjectConfigurationManager - Update started
2022-10-13 14:08:16,314 [Worker-39] INFO  o.e.m.c.i.l.LifecycleMappingFactory - Using org.maven.ide.eclipse.wtp.WarLifecycleMapping lifecycle mapping for MavenProject: kr.or.focu:frwk:1.0.0 @ C:\Users\simpl\workspace_kfors\frwk\pom.xml.
2022-10-13 14:08:16,929 [Worker-39] WARN  o.e.m.c.i.embedder.EclipseLogger - The POM for com.tmax.tibero:tibero-jdbc:jar:7.0 is missing, no dependency information available
2022-10-13 14:08:18,057 [Worker-39] WARN  o.e.m.c.i.embedder.EclipseLogger - The POM for com.tmax.tibero:tibero-jdbc:jar:7.0 is missing, no dependency information available
2022-10-13 14:08:20,862 [Worker-39] INFO  o.e.m.j.i.AbstractJavaProjectConfigurator - Adding source folder /frwk/src/main/java
2022-10-13 14:08:20,864 [Worker-39] INFO  o.e.m.j.i.AbstractJavaProjectConfigurator - Adding resource folder /frwk/src/main/resources
2022-10-13 14:08:20,865 [Worker-39] INFO  o.e.m.j.i.AbstractJavaProjectConfigurator - Adding source folder /frwk/src/test/java
2022-10-13 14:08:22,284 [Worker-39] WARN  o.e.m.c.i.embedder.EclipseLogger - The POM for com.tmax.tibero:tibero-jdbc:jar:7.0 is missing, no dependency information available
2022-10-13 14:08:23,195 [Worker-39] INFO  o.e.m.w.i.f.ResourceFilteringBuildParticipant - Cleaning filtered folder for frwk
2022-10-13 14:08:23,216 [Worker-39] INFO  o.e.m.c.i.p.ProjectConfigurationManager - Update completed: 8 sec
2022-10-13 14:08:33,620 [Worker-42] WARN  o.e.m.c.i.embedder.EclipseLogger - The POM for com.tmax.tibero:tibero-jdbc:jar:7.0 is missing, no dependency information available
2022-10-13 14:08:36,160 [Worker-43] WARN  o.e.m.c.i.embedder.EclipseLogger - Using platform encoding (UTF-8 actually) to copy filtered resources, i.e. build is platform dependent!
2022-10-13 14:08:36,163 [Worker-43] INFO  o.e.m.c.i.embedder.EclipseLogger - Copying 15 resources
2022-10-13 14:08:36,263 [Worker-43] WARN  o.e.m.c.i.embedder.EclipseLogger - Using platform encoding (UTF-8 actually) to copy filtered resources, i.e. build is platform dependent!
2022-10-13 14:08:36,265 [Worker-43] INFO  o.e.m.c.i.embedder.EclipseLogger - skip non existing resourceDirectory C:\Users\simpl\workspace_kfors\frwk\src\test\resources
2022-10-13 14:08:36,266 [Worker-43] INFO  o.e.m.w.i.f.ResourceFilteringBuildParticipant - Changed resources require a complete clean of filtered resources of frwk
2022-10-13 14:08:36,266 [Worker-43] INFO  o.e.m.w.i.f.ResourceFilteringBuildParticipant - Executing resource filtering for frwk
2022-10-13 14:08:36,274 [Worker-43] WARN  o.e.m.c.i.embedder.EclipseLogger - Using platform encoding (UTF-8 actually) to copy filtered resources, i.e. build is platform dependent!
2022-10-13 14:15:07,998 [Worker-46] INFO  o.e.m.c.i.l.LifecycleMappingFactory - Using org.maven.ide.eclipse.wtp.WarLifecycleMapping lifecycle mapping for MavenProject: kr.or.focu:frwk:1.0.0 @ C:\Users\simpl\workspace_kfors\frwk\pom.xml.
2022-10-13 14:15:08,621 [Worker-46] WARN  o.e.m.c.i.embedder.EclipseLogger - The POM for com.tmax.tibero:tibero-jdbc:jar:7.0 is missing, no dependency information available
2022-10-13 14:15:08,740 [Worker-46] INFO  o.e.m.c.i.e.AbstractTransferListenerAdapter - Downloaded file://C:\Users\simpl\workspace_kfors\frwk/lib/com/google/code/gson/gson/2.9.1/gson-2.9.1.pom
2022-10-13 14:15:09,520 [Worker-46] INFO  o.e.m.c.i.e.AbstractTransferListenerAdapter - Downloading https://repo1.maven.org/maven2/com/google/code/gson/gson/2.9.1/gson-2.9.1.pom
2022-10-13 14:15:09,670 [Worker-46] INFO  o.e.m.c.i.e.AbstractTransferListenerAdapter - Downloaded https://repo1.maven.org/maven2/com/google/code/gson/gson/2.9.1/gson-2.9.1.pom
2022-10-13 14:15:09,689 [Worker-46] INFO  o.e.m.c.i.e.AbstractTransferListenerAdapter - Downloaded file://C:\Users\simpl\workspace_kfors\frwk/lib/com/google/code/gson/gson-parent/2.9.1/gson-parent-2.9.1.pom
2022-10-13 14:15:09,827 [Worker-46] INFO  o.e.m.c.i.e.AbstractTransferListenerAdapter - Downloading https://repo1.maven.org/maven2/com/google/code/gson/gson-parent/2.9.1/gson-parent-2.9.1.pom
2022-10-13 14:15:09,970 [Worker-46] INFO  o.e.m.c.i.e.AbstractTransferListenerAdapter - Downloaded https://repo1.maven.org/maven2/com/google/code/gson/gson-parent/2.9.1/gson-parent-2.9.1.pom
2022-10-13 14:15:10,201 [Worker-46] INFO  o.e.m.c.i.e.AbstractTransferListenerAdapter - Downloaded file://C:\Users\simpl\workspace_kfors\frwk/lib/com/google/code/gson/gson/2.9.1/gson-2.9.1.jar
2022-10-13 14:15:10,340 [Worker-46] INFO  o.e.m.c.i.e.AbstractTransferListenerAdapter - Downloading https://repo1.maven.org/maven2/com/google/code/gson/gson/2.9.1/gson-2.9.1.jar
2022-10-13 14:15:10,853 [Worker-46] INFO  o.e.m.c.i.e.AbstractTransferListenerAdapter - Downloaded https://repo1.maven.org/maven2/com/google/code/gson/gson/2.9.1/gson-2.9.1.jar
2022-10-13 14:15:11,561 [Worker-46] WARN  o.e.m.c.i.embedder.EclipseLogger - The POM for com.tmax.tibero:tibero-jdbc:jar:7.0 is missing, no dependency information available
2022-10-13 14:15:13,307 [Worker-46] INFO  o.e.m.w.i.f.ResourceFilteringBuildParticipant - Cleaning filtered folder for frwk
2022-10-13 14:15:17,025 [Worker-48] WARN  o.e.m.c.i.embedder.EclipseLogger - The POM for com.tmax.tibero:tibero-jdbc:jar:7.0 is missing, no dependency information available
2022-10-13 14:15:18,445 [Worker-48] WARN  o.e.m.c.i.embedder.EclipseLogger - Using platform encoding (UTF-8 actually) to copy filtered resources, i.e. build is platform dependent!
2022-10-13 14:15:18,448 [Worker-48] INFO  o.e.m.c.i.embedder.EclipseLogger - Copying 15 resources
2022-10-13 14:15:18,591 [Worker-48] WARN  o.e.m.c.i.embedder.EclipseLogger - Using platform encoding (UTF-8 actually) to copy filtered resources, i.e. build is platform dependent!
2022-10-13 14:15:18,592 [Worker-48] INFO  o.e.m.c.i.embedder.EclipseLogger - skip non existing resourceDirectory C:\Users\simpl\workspace_kfors\frwk\src\test\resources
2022-10-13 14:15:18,593 [Worker-48] INFO  o.e.m.w.i.f.ResourceFilteringBuildParticipant - Changed resources require a complete clean of filtered resources of frwk
2022-10-13 14:15:18,593 [Worker-48] INFO  o.e.m.w.i.f.ResourceFilteringBuildParticipant - Executing resource filtering for frwk
2022-10-13 14:15:18,601 [Worker-48] WARN  o.e.m.c.i.embedder.EclipseLogger - Using platform encoding (UTF-8 actually) to copy filtered resources, i.e. build is platform dependent!
2022-10-13 14:17:16,468 [Worker-36] INFO  o.e.m.c.i.l.LifecycleMappingFactory - Using org.maven.ide.eclipse.wtp.WarLifecycleMapping lifecycle mapping for MavenProject: kr.or.focu:frwk:1.0.0 @ C:\Users\simpl\workspace_kfors\frwk\pom.xml.
2022-10-13 14:17:17,051 [Worker-36] WARN  o.e.m.c.i.embedder.EclipseLogger - The POM for com.tmax.tibero:tibero-jdbc:jar:7.0 is missing, no dependency information available
2022-10-13 14:17:18,041 [Worker-36] WARN  o.e.m.c.i.embedder.EclipseLogger - The POM for com.tmax.tibero:tibero-jdbc:jar:7.0 is missing, no dependency information available
2022-10-13 14:17:19,837 [Worker-36] INFO  o.e.m.w.i.f.ResourceFilteringBuildParticipant - Cleaning filtered folder for frwk
2022-10-13 14:17:22,404 [Worker-38] WARN  o.e.m.c.i.embedder.EclipseLogger - The POM for com.tmax.tibero:tibero-jdbc:jar:7.0 is missing, no dependency information available
2022-10-13 14:17:23,718 [Worker-38] WARN  o.e.m.c.i.embedder.EclipseLogger - Using platform encoding (UTF-8 actually) to copy filtered resources, i.e. build is platform dependent!
2022-10-13 14:17:23,720 [Worker-38] INFO  o.e.m.c.i.embedder.EclipseLogger - Copying 15 resources
2022-10-13 14:17:23,829 [Worker-38] WARN  o.e.m.c.i.embedder.EclipseLogger - Using platform encoding (UTF-8 actually) to copy filtered resources, i.e. build is platform dependent!
2022-10-13 14:17:23,830 [Worker-38] INFO  o.e.m.c.i.embedder.EclipseLogger - skip non existing resourceDirectory C:\Users\simpl\workspace_kfors\frwk\src\test\resources
2022-10-13 14:17:23,831 [Worker-38] INFO  o.e.m.w.i.f.ResourceFilteringBuildParticipant - Changed resources require a complete clean of filtered resources of frwk
2022-10-13 14:17:23,831 [Worker-38] INFO  o.e.m.w.i.f.ResourceFilteringBuildParticipant - Executing resource filtering for frwk
2022-10-13 14:17:23,838 [Worker-38] WARN  o.e.m.c.i.embedder.EclipseLogger - Using platform encoding (UTF-8 actually) to copy filtered resources, i.e. build is platform dependent!
2022-10-13 14:21:01,064 [Worker-47] INFO  o.e.m.w.i.f.ResourceFilteringBuildParticipant - Cleaning filtered folder for frwk
2022-10-13 14:21:02,692 [Worker-43] WARN  o.e.m.c.i.embedder.EclipseLogger - Using platform encoding (UTF-8 actually) to copy filtered resources, i.e. build is platform dependent!
2022-10-13 14:21:02,697 [Worker-43] INFO  o.e.m.c.i.embedder.EclipseLogger - Copying 15 resources
2022-10-13 14:21:02,789 [Worker-43] WARN  o.e.m.c.i.embedder.EclipseLogger - Using platform encoding (UTF-8 actually) to copy filtered resources, i.e. build is platform dependent!
2022-10-13 14:21:02,791 [Worker-43] INFO  o.e.m.c.i.embedder.EclipseLogger - skip non existing resourceDirectory C:\Users\simpl\workspace_kfors\frwk\src\test\resources
2022-10-13 14:21:02,792 [Worker-43] INFO  o.e.m.w.i.f.ResourceFilteringBuildParticipant - Changed resources require a complete clean of filtered resources of frwk
2022-10-13 14:21:02,792 [Worker-43] INFO  o.e.m.w.i.f.ResourceFilteringBuildParticipant - Executing resource filtering for frwk
2022-10-13 14:21:02,828 [Worker-43] WARN  o.e.m.c.i.embedder.EclipseLogger - Using platform encoding (UTF-8 actually) to copy filtered resources, i.e. build is platform dependent!
2022-10-13 14:42:11,511 [Worker-0] INFO  c.g.t.t.d.PublishedGradleVersions - Gradle version information cache is up-to-date. Trying to read.
2022-10-13 14:51:16,520 [Worker-14] WARN  o.e.m.c.i.embedder.EclipseLogger - The POM for com.tmax.tibero:tibero-jdbc:jar:7.0 is missing, no dependency information available
2022-10-13 14:51:17,391 [Worker-14] INFO  o.e.m.w.i.f.ResourceFilteringBuildParticipant - Cleaning filtered folder for frwk
2022-10-13 14:51:24,633 [Worker-26] WARN  o.e.m.c.i.embedder.EclipseLogger - Using platform encoding (UTF-8 actually) to copy filtered resources, i.e. build is platform dependent!
2022-10-13 14:51:24,645 [Worker-26] INFO  o.e.m.c.i.embedder.EclipseLogger - Copying 15 resources
2022-10-13 14:51:24,753 [Worker-26] WARN  o.e.m.c.i.embedder.EclipseLogger - Using platform encoding (UTF-8 actually) to copy filtered resources, i.e. build is platform dependent!
2022-10-13 14:51:24,755 [Worker-26] INFO  o.e.m.c.i.embedder.EclipseLogger - skip non existing resourceDirectory C:\Users\simpl\workspace_kfors\frwk\src\test\resources
2022-10-13 14:51:24,756 [Worker-26] INFO  o.e.m.w.i.f.ResourceFilteringBuildParticipant - Changed resources require a complete clean of filtered resources of frwk
2022-10-13 14:51:24,758 [Worker-26] INFO  o.e.m.w.i.f.ResourceFilteringBuildParticipant - Executing resource filtering for frwk
2022-10-13 14:51:25,024 [Worker-26] WARN  o.e.m.c.i.embedder.EclipseLogger - Using platform encoding (UTF-8 actually) to copy filtered resources, i.e. build is platform dependent!
2022-10-14 17:01:35,411 [Worker-1] INFO  c.g.t.t.d.PublishedGradleVersions - Gradle version information cache is up-to-date. Trying to read.
2022-10-17 09:43:06,079 [Worker-35] WARN  o.e.m.c.i.embedder.EclipseLogger - The POM for com.tmax.tibero:tibero-jdbc:jar:7.0 is missing, no dependency information available
2022-10-17 09:43:06,879 [Worker-35] INFO  o.e.m.w.i.f.ResourceFilteringBuildParticipant - Cleaning filtered folder for frwk
2022-10-17 09:43:13,600 [Worker-39] WARN  o.e.m.c.i.embedder.EclipseLogger - Using platform encoding (UTF-8 actually) to copy filtered resources, i.e. build is platform dependent!
2022-10-17 09:43:13,613 [Worker-39] INFO  o.e.m.c.i.embedder.EclipseLogger - Copying 15 resources
2022-10-17 09:43:13,734 [Worker-39] WARN  o.e.m.c.i.embedder.EclipseLogger - Using platform encoding (UTF-8 actually) to copy filtered resources, i.e. build is platform dependent!
2022-10-17 09:43:13,738 [Worker-39] INFO  o.e.m.c.i.embedder.EclipseLogger - skip non existing resourceDirectory C:\Users\simpl\workspace_kfors\frwk\src\test\resources
2022-10-17 09:43:13,740 [Worker-39] INFO  o.e.m.w.i.f.ResourceFilteringBuildParticipant - Changed resources require a complete clean of filtered resources of frwk
2022-10-17 09:43:13,754 [Worker-39] INFO  o.e.m.w.i.f.ResourceFilteringBuildParticipant - Executing resource filtering for frwk
2022-10-17 09:43:14,034 [Worker-39] WARN  o.e.m.c.i.embedder.EclipseLogger - Using platform encoding (UTF-8 actually) to copy filtered resources, i.e. build is platform dependent!
2022-10-17 11:23:13,596 [Worker-87] INFO  o.e.m.w.i.f.ResourceFilteringBuildParticipant - Cleaning filtered folder for frwk
2022-10-17 11:23:16,074 [Worker-90] WARN  o.e.m.c.i.embedder.EclipseLogger - Using platform encoding (UTF-8 actually) to copy filtered resources, i.e. build is platform dependent!
2022-10-17 11:23:16,086 [Worker-90] INFO  o.e.m.c.i.embedder.EclipseLogger - Copying 16 resources
2022-10-17 11:23:16,206 [Worker-90] WARN  o.e.m.c.i.embedder.EclipseLogger - Using platform encoding (UTF-8 actually) to copy filtered resources, i.e. build is platform dependent!
2022-10-17 11:23:16,208 [Worker-90] INFO  o.e.m.c.i.embedder.EclipseLogger - skip non existing resourceDirectory C:\Users\simpl\workspace_kfors\frwk\src\test\resources
2022-10-17 11:23:16,208 [Worker-90] INFO  o.e.m.w.i.f.ResourceFilteringBuildParticipant - Changed resources require a complete clean of filtered resources of frwk
2022-10-17 11:23:16,209 [Worker-90] INFO  o.e.m.w.i.f.ResourceFilteringBuildParticipant - Executing resource filtering for frwk
2022-10-17 11:23:16,305 [Worker-90] WARN  o.e.m.c.i.embedder.EclipseLogger - Using platform encoding (UTF-8 actually) to copy filtered resources, i.e. build is platform dependent!
2022-10-17 11:29:39,254 [Worker-91] INFO  o.e.m.w.i.f.ResourceFilteringBuildParticipant - Cleaning filtered folder for frwk
2022-10-17 11:29:41,039 [Worker-77] WARN  o.e.m.c.i.embedder.EclipseLogger - Using platform encoding (UTF-8 actually) to copy filtered resources, i.e. build is platform dependent!
2022-10-17 11:29:41,042 [Worker-77] INFO  o.e.m.c.i.embedder.EclipseLogger - Copying 16 resources
2022-10-17 11:29:41,143 [Worker-77] WARN  o.e.m.c.i.embedder.EclipseLogger - Using platform encoding (UTF-8 actually) to copy filtered resources, i.e. build is platform dependent!
2022-10-17 11:29:41,145 [Worker-77] INFO  o.e.m.c.i.embedder.EclipseLogger - skip non existing resourceDirectory C:\Users\simpl\workspace_kfors\frwk\src\test\resources
2022-10-17 11:29:41,145 [Worker-77] INFO  o.e.m.w.i.f.ResourceFilteringBuildParticipant - Changed resources require a complete clean of filtered resources of frwk
2022-10-17 11:29:41,146 [Worker-77] INFO  o.e.m.w.i.f.ResourceFilteringBuildParticipant - Executing resource filtering for frwk
2022-10-17 11:29:41,175 [Worker-77] WARN  o.e.m.c.i.embedder.EclipseLogger - Using platform encoding (UTF-8 actually) to copy filtered resources, i.e. build is platform dependent!
2022-10-17 11:41:12,737 [Worker-102] INFO  o.e.m.w.i.f.ResourceFilteringBuildParticipant - Cleaning filtered folder for frwk
2022-10-17 11:41:14,388 [Worker-104] WARN  o.e.m.c.i.embedder.EclipseLogger - Using platform encoding (UTF-8 actually) to copy filtered resources, i.e. build is platform dependent!
2022-10-17 11:41:14,391 [Worker-104] INFO  o.e.m.c.i.embedder.EclipseLogger - Copying 16 resources
2022-10-17 11:41:14,489 [Worker-104] WARN  o.e.m.c.i.embedder.EclipseLogger - Using platform encoding (UTF-8 actually) to copy filtered resources, i.e. build is platform dependent!
2022-10-17 11:41:14,490 [Worker-104] INFO  o.e.m.c.i.embedder.EclipseLogger - skip non existing resourceDirectory C:\Users\simpl\workspace_kfors\frwk\src\test\resources
2022-10-17 11:41:14,491 [Worker-104] INFO  o.e.m.w.i.f.ResourceFilteringBuildParticipant - Changed resources require a complete clean of filtered resources of frwk
2022-10-17 11:41:14,491 [Worker-104] INFO  o.e.m.w.i.f.ResourceFilteringBuildParticipant - Executing resource filtering for frwk
2022-10-17 11:41:14,500 [Worker-104] WARN  o.e.m.c.i.embedder.EclipseLogger - Using platform encoding (UTF-8 actually) to copy filtered resources, i.e. build is platform dependent!
2022-10-17 14:31:33,598 [Worker-172] WARN  o.e.r.models.ModelRepository - Failed to download org.eclipse.recommenders:index::zip:0.0.0
org.eclipse.aether.resolution.ArtifactResolutionException: Could not find artifact org.eclipse.recommenders:index:zip:0.0.0-SNAPSHOT in models (http://download.eclipse.org/recommenders/models/mars/)
	at org.eclipse.aether.internal.impl.DefaultArtifactResolver.resolve(DefaultArtifactResolver.java:444)
	at org.eclipse.aether.internal.impl.DefaultArtifactResolver.resolveArtifacts(DefaultArtifactResolver.java:246)
	at org.eclipse.aether.internal.impl.DefaultArtifactResolver.resolveArtifact(DefaultArtifactResolver.java:223)
	at org.eclipse.aether.internal.impl.DefaultRepositorySystem.resolveArtifact(DefaultRepositorySystem.java:294)
	at org.eclipse.recommenders.models.ModelRepository.resolveInternal(ModelRepository.java:192)
	at org.eclipse.recommenders.models.ModelRepository.resolve(ModelRepository.java:174)
	at org.eclipse.recommenders.internal.models.rcp.EclipseModelRepository.resolve(EclipseModelRepository.java:165)
	at org.eclipse.recommenders.internal.models.rcp.DownloadModelArchiveJob.run(DownloadModelArchiveJob.java:76)
	at org.eclipse.core.internal.jobs.Worker.run(Worker.java:55)
Caused by: org.eclipse.aether.transfer.ArtifactNotFoundException: Could not find artifact org.eclipse.recommenders:index:zip:0.0.0-SNAPSHOT in models (http://download.eclipse.org/recommenders/models/mars/)
	at org.eclipse.aether.connector.basic.ArtifactTransportListener.transferFailed(ArtifactTransportListener.java:39)
	at org.eclipse.aether.connector.basic.BasicRepositoryConnector$TaskRunner.run(BasicRepositoryConnector.java:355)
	at org.eclipse.aether.util.concurrency.RunnableErrorForwarder$1.run(RunnableErrorForwarder.java:67)
	at org.eclipse.aether.connector.basic.BasicRepositoryConnector$DirectExecutor.execute(BasicRepositoryConnector.java:581)
	at org.eclipse.aether.connector.basic.BasicRepositoryConnector.get(BasicRepositoryConnector.java:249)
	at org.eclipse.aether.internal.impl.DefaultArtifactResolver.performDownloads(DefaultArtifactResolver.java:520)
	at org.eclipse.aether.internal.impl.DefaultArtifactResolver.resolve(DefaultArtifactResolver.java:421)
	... 8 common frames omitted
2022-10-17 14:42:20,959 [Worker-181] INFO  o.e.m.w.i.f.ResourceFilteringBuildParticipant - Cleaning filtered folder for frwk
2022-10-17 14:42:22,833 [Worker-178] WARN  o.e.m.c.i.embedder.EclipseLogger - Using platform encoding (UTF-8 actually) to copy filtered resources, i.e. build is platform dependent!
2022-10-17 14:42:22,836 [Worker-178] INFO  o.e.m.c.i.embedder.EclipseLogger - Copying 16 resources
2022-10-17 14:42:22,929 [Worker-178] WARN  o.e.m.c.i.embedder.EclipseLogger - Using platform encoding (UTF-8 actually) to copy filtered resources, i.e. build is platform dependent!
2022-10-17 14:42:22,930 [Worker-178] INFO  o.e.m.c.i.embedder.EclipseLogger - skip non existing resourceDirectory C:\Users\simpl\workspace_kfors\frwk\src\test\resources
2022-10-17 14:42:22,931 [Worker-178] INFO  o.e.m.w.i.f.ResourceFilteringBuildParticipant - Changed resources require a complete clean of filtered resources of frwk
2022-10-17 14:42:22,931 [Worker-178] INFO  o.e.m.w.i.f.ResourceFilteringBuildParticipant - Executing resource filtering for frwk
2022-10-17 14:42:22,979 [Worker-178] WARN  o.e.m.c.i.embedder.EclipseLogger - Using platform encoding (UTF-8 actually) to copy filtered resources, i.e. build is platform dependent!
2022-10-17 15:23:54,283 [Worker-191] INFO  o.e.m.w.i.f.ResourceFilteringBuildParticipant - Cleaning filtered folder for frwk
2022-10-17 15:23:55,931 [Worker-198] WARN  o.e.m.c.i.embedder.EclipseLogger - Using platform encoding (UTF-8 actually) to copy filtered resources, i.e. build is platform dependent!
2022-10-17 15:23:55,934 [Worker-198] INFO  o.e.m.c.i.embedder.EclipseLogger - Copying 16 resources
2022-10-17 15:23:56,030 [Worker-198] WARN  o.e.m.c.i.embedder.EclipseLogger - Using platform encoding (UTF-8 actually) to copy filtered resources, i.e. build is platform dependent!
2022-10-17 15:23:56,032 [Worker-198] INFO  o.e.m.c.i.embedder.EclipseLogger - skip non existing resourceDirectory C:\Users\simpl\workspace_kfors\frwk\src\test\resources
2022-10-17 15:23:56,032 [Worker-198] INFO  o.e.m.w.i.f.ResourceFilteringBuildParticipant - Changed resources require a complete clean of filtered resources of frwk
2022-10-17 15:23:56,033 [Worker-198] INFO  o.e.m.w.i.f.ResourceFilteringBuildParticipant - Executing resource filtering for frwk
2022-10-17 15:23:56,042 [Worker-198] WARN  o.e.m.c.i.embedder.EclipseLogger - Using platform encoding (UTF-8 actually) to copy filtered resources, i.e. build is platform dependent!
2022-10-17 17:10:54,621 [Worker-252] INFO  o.e.m.w.i.f.ResourceFilteringBuildParticipant - Cleaning filtered folder for frwk
2022-10-17 17:10:56,518 [Worker-250] WARN  o.e.m.c.i.embedder.EclipseLogger - Using platform encoding (UTF-8 actually) to copy filtered resources, i.e. build is platform dependent!
2022-10-17 17:10:56,521 [Worker-250] INFO  o.e.m.c.i.embedder.EclipseLogger - Copying 16 resources
2022-10-17 17:10:56,614 [Worker-250] WARN  o.e.m.c.i.embedder.EclipseLogger - Using platform encoding (UTF-8 actually) to copy filtered resources, i.e. build is platform dependent!
2022-10-17 17:10:56,615 [Worker-250] INFO  o.e.m.c.i.embedder.EclipseLogger - skip non existing resourceDirectory C:\Users\simpl\workspace_kfors\frwk\src\test\resources
2022-10-17 17:10:56,616 [Worker-250] INFO  o.e.m.w.i.f.ResourceFilteringBuildParticipant - Changed resources require a complete clean of filtered resources of frwk
2022-10-17 17:10:56,616 [Worker-250] INFO  o.e.m.w.i.f.ResourceFilteringBuildParticipant - Executing resource filtering for frwk
2022-10-17 17:10:56,629 [Worker-250] WARN  o.e.m.c.i.embedder.EclipseLogger - Using platform encoding (UTF-8 actually) to copy filtered resources, i.e. build is platform dependent!
2022-10-17 17:14:41,868 [Worker-256] INFO  o.e.m.w.i.f.ResourceFilteringBuildParticipant - Cleaning filtered folder for frwk
2022-10-17 17:14:43,587 [Worker-250] WARN  o.e.m.c.i.embedder.EclipseLogger - Using platform encoding (UTF-8 actually) to copy filtered resources, i.e. build is platform dependent!
2022-10-17 17:14:43,589 [Worker-250] INFO  o.e.m.c.i.embedder.EclipseLogger - Copying 16 resources
2022-10-17 17:14:43,684 [Worker-250] WARN  o.e.m.c.i.embedder.EclipseLogger - Using platform encoding (UTF-8 actually) to copy filtered resources, i.e. build is platform dependent!
2022-10-17 17:14:43,686 [Worker-250] INFO  o.e.m.c.i.embedder.EclipseLogger - skip non existing resourceDirectory C:\Users\simpl\workspace_kfors\frwk\src\test\resources
2022-10-17 17:14:43,686 [Worker-250] INFO  o.e.m.w.i.f.ResourceFilteringBuildParticipant - Changed resources require a complete clean of filtered resources of frwk
2022-10-17 17:14:43,686 [Worker-250] INFO  o.e.m.w.i.f.ResourceFilteringBuildParticipant - Executing resource filtering for frwk
2022-10-17 17:14:43,693 [Worker-250] WARN  o.e.m.c.i.embedder.EclipseLogger - Using platform encoding (UTF-8 actually) to copy filtered resources, i.e. build is platform dependent!
2022-10-17 17:22:05,680 [Worker-250] INFO  o.e.m.w.i.f.ResourceFilteringBuildParticipant - Cleaning filtered folder for frwk
2022-10-17 17:22:07,137 [Worker-260] WARN  o.e.m.c.i.embedder.EclipseLogger - Using platform encoding (UTF-8 actually) to copy filtered resources, i.e. build is platform dependent!
2022-10-17 17:22:07,140 [Worker-260] INFO  o.e.m.c.i.embedder.EclipseLogger - Copying 16 resources
2022-10-17 17:22:07,244 [Worker-260] WARN  o.e.m.c.i.embedder.EclipseLogger - Using platform encoding (UTF-8 actually) to copy filtered resources, i.e. build is platform dependent!
2022-10-17 17:22:07,246 [Worker-260] INFO  o.e.m.c.i.embedder.EclipseLogger - skip non existing resourceDirectory C:\Users\simpl\workspace_kfors\frwk\src\test\resources
2022-10-17 17:22:07,257 [Worker-260] INFO  o.e.m.w.i.f.ResourceFilteringBuildParticipant - Changed resources require a complete clean of filtered resources of frwk
2022-10-17 17:22:07,258 [Worker-260] INFO  o.e.m.w.i.f.ResourceFilteringBuildParticipant - Executing resource filtering for frwk
2022-10-17 17:22:07,266 [Worker-260] WARN  o.e.m.c.i.embedder.EclipseLogger - Using platform encoding (UTF-8 actually) to copy filtered resources, i.e. build is platform dependent!
2022-10-17 18:26:01,920 [Worker-296] WARN  o.e.m.c.i.embedder.EclipseLogger - Using platform encoding (UTF-8 actually) to copy filtered resources, i.e. build is platform dependent!
2022-10-17 18:26:01,928 [Worker-296] INFO  o.e.m.c.i.embedder.EclipseLogger - Copying 0 resource
2022-10-17 18:26:01,930 [Worker-296] WARN  o.e.m.c.i.embedder.EclipseLogger - Using platform encoding (UTF-8 actually) to copy filtered resources, i.e. build is platform dependent!
2022-10-17 18:26:01,931 [Worker-296] INFO  o.e.m.c.i.embedder.EclipseLogger - skip non existing resourceDirectory C:\Users\simpl\workspace_kfors\frwk\src\test\resources
2022-10-18 11:57:30,462 [Worker-391] INFO  o.e.m.w.i.f.ResourceFilteringBuildParticipant - Cleaning filtered folder for frwk
2022-10-18 11:57:32,688 [Worker-395] WARN  o.e.m.c.i.embedder.EclipseLogger - Using platform encoding (UTF-8 actually) to copy filtered resources, i.e. build is platform dependent!
2022-10-18 11:57:32,691 [Worker-395] INFO  o.e.m.c.i.embedder.EclipseLogger - Copying 16 resources
2022-10-18 11:57:32,819 [Worker-395] WARN  o.e.m.c.i.embedder.EclipseLogger - Using platform encoding (UTF-8 actually) to copy filtered resources, i.e. build is platform dependent!
2022-10-18 11:57:32,821 [Worker-395] INFO  o.e.m.c.i.embedder.EclipseLogger - skip non existing resourceDirectory C:\Users\simpl\workspace_kfors\frwk\src\test\resources
2022-10-18 11:57:32,822 [Worker-395] INFO  o.e.m.w.i.f.ResourceFilteringBuildParticipant - Changed resources require a complete clean of filtered resources of frwk
2022-10-18 11:57:32,822 [Worker-395] INFO  o.e.m.w.i.f.ResourceFilteringBuildParticipant - Executing resource filtering for frwk
2022-10-18 11:57:32,886 [Worker-395] WARN  o.e.m.c.i.embedder.EclipseLogger - Using platform encoding (UTF-8 actually) to copy filtered resources, i.e. build is platform dependent!
2022-10-18 15:30:51,854 [Worker-489] INFO  o.e.m.c.i.l.LifecycleMappingFactory - Using org.maven.ide.eclipse.wtp.WarLifecycleMapping lifecycle mapping for MavenProject: kr.or.focu:frwk:1.0.0 @ C:\Users\simpl\workspace_kfors\frwk\pom.xml.
2022-10-18 15:30:52,689 [Worker-489] WARN  o.e.m.c.i.embedder.EclipseLogger - The POM for com.tmax.tibero:tibero-jdbc:jar:7.0 is missing, no dependency information available
2022-10-18 15:30:54,913 [Worker-489] INFO  o.e.m.w.i.f.ResourceFilteringBuildParticipant - Cleaning filtered folder for frwk
2022-10-18 15:31:03,325 [Worker-488] WARN  o.e.m.c.i.embedder.EclipseLogger - The POM for com.tmax.tibero:tibero-jdbc:jar:7.0 is missing, no dependency information available
2022-10-18 15:31:04,917 [Worker-488] WARN  o.e.m.c.i.embedder.EclipseLogger - Using platform encoding (UTF-8 actually) to copy filtered resources, i.e. build is platform dependent!
2022-10-18 15:31:04,920 [Worker-488] INFO  o.e.m.c.i.embedder.EclipseLogger - Copying 18 resources
2022-10-18 15:31:04,984 [Worker-488] WARN  o.e.m.c.i.embedder.EclipseLogger - Using platform encoding (UTF-8 actually) to copy filtered resources, i.e. build is platform dependent!
2022-10-18 15:31:04,986 [Worker-488] INFO  o.e.m.c.i.embedder.EclipseLogger - skip non existing resourceDirectory C:\Users\simpl\workspace_kfors\frwk\src\test\resources
2022-10-18 15:31:04,986 [Worker-488] INFO  o.e.m.w.i.f.ResourceFilteringBuildParticipant - Changed resources require a complete clean of filtered resources of frwk
2022-10-18 15:31:04,987 [Worker-488] INFO  o.e.m.w.i.f.ResourceFilteringBuildParticipant - Executing resource filtering for frwk
2022-10-18 15:31:04,995 [Worker-488] WARN  o.e.m.c.i.embedder.EclipseLogger - Using platform encoding (UTF-8 actually) to copy filtered resources, i.e. build is platform dependent!
2022-10-18 15:37:34,044 [Worker-498] INFO  o.e.m.w.i.f.ResourceFilteringBuildParticipant - Cleaning filtered folder for frwk
2022-10-18 15:37:40,011 [Worker-496] WARN  o.e.m.c.i.embedder.EclipseLogger - Using platform encoding (UTF-8 actually) to copy filtered resources, i.e. build is platform dependent!
2022-10-18 15:37:40,013 [Worker-496] INFO  o.e.m.c.i.embedder.EclipseLogger - Copying 18 resources
2022-10-18 15:37:40,023 [Worker-496] WARN  o.e.m.c.i.embedder.EclipseLogger - Using platform encoding (UTF-8 actually) to copy filtered resources, i.e. build is platform dependent!
2022-10-18 15:37:40,025 [Worker-496] INFO  o.e.m.c.i.embedder.EclipseLogger - skip non existing resourceDirectory C:\Users\simpl\workspace_kfors\frwk\src\test\resources
2022-10-18 15:37:40,026 [Worker-496] INFO  o.e.m.w.i.f.ResourceFilteringBuildParticipant - Changed resources require a complete clean of filtered resources of frwk
2022-10-18 15:37:40,026 [Worker-496] INFO  o.e.m.w.i.f.ResourceFilteringBuildParticipant - Executing resource filtering for frwk
2022-10-18 15:37:40,034 [Worker-496] WARN  o.e.m.c.i.embedder.EclipseLogger - Using platform encoding (UTF-8 actually) to copy filtered resources, i.e. build is platform dependent!
2022-10-18 15:40:45,401 [Worker-504] INFO  o.e.m.w.i.f.ResourceFilteringBuildParticipant - Cleaning filtered folder for frwk
2022-10-18 15:40:52,823 [Worker-502] WARN  o.e.m.c.i.embedder.EclipseLogger - Using platform encoding (UTF-8 actually) to copy filtered resources, i.e. build is platform dependent!
2022-10-18 15:40:52,825 [Worker-502] INFO  o.e.m.c.i.embedder.EclipseLogger - Copying 18 resources
2022-10-18 15:40:52,834 [Worker-502] WARN  o.e.m.c.i.embedder.EclipseLogger - Using platform encoding (UTF-8 actually) to copy filtered resources, i.e. build is platform dependent!
2022-10-18 15:40:52,835 [Worker-502] INFO  o.e.m.c.i.embedder.EclipseLogger - skip non existing resourceDirectory C:\Users\simpl\workspace_kfors\frwk\src\test\resources
2022-10-18 15:40:52,836 [Worker-502] INFO  o.e.m.w.i.f.ResourceFilteringBuildParticipant - Changed resources require a complete clean of filtered resources of frwk
2022-10-18 15:40:52,836 [Worker-502] INFO  o.e.m.w.i.f.ResourceFilteringBuildParticipant - Executing resource filtering for frwk
2022-10-18 15:40:52,843 [Worker-502] WARN  o.e.m.c.i.embedder.EclipseLogger - Using platform encoding (UTF-8 actually) to copy filtered resources, i.e. build is platform dependent!
2022-10-18 15:41:41,828 [Worker-498] INFO  o.e.m.w.i.f.ResourceFilteringBuildParticipant - Cleaning filtered folder for frwk
2022-10-18 15:41:48,007 [Worker-496] WARN  o.e.m.c.i.embedder.EclipseLogger - Using platform encoding (UTF-8 actually) to copy filtered resources, i.e. build is platform dependent!
2022-10-18 15:41:48,010 [Worker-496] INFO  o.e.m.c.i.embedder.EclipseLogger - Copying 18 resources
2022-10-18 15:41:48,017 [Worker-496] WARN  o.e.m.c.i.embedder.EclipseLogger - Using platform encoding (UTF-8 actually) to copy filtered resources, i.e. build is platform dependent!
2022-10-18 15:41:48,018 [Worker-496] INFO  o.e.m.c.i.embedder.EclipseLogger - skip non existing resourceDirectory C:\Users\simpl\workspace_kfors\frwk\src\test\resources
2022-10-18 15:41:48,018 [Worker-496] INFO  o.e.m.w.i.f.ResourceFilteringBuildParticipant - Changed resources require a complete clean of filtered resources of frwk
2022-10-18 15:41:48,019 [Worker-496] INFO  o.e.m.w.i.f.ResourceFilteringBuildParticipant - Executing resource filtering for frwk
2022-10-18 15:41:48,023 [Worker-496] WARN  o.e.m.c.i.embedder.EclipseLogger - Using platform encoding (UTF-8 actually) to copy filtered resources, i.e. build is platform dependent!
2022-10-18 15:42:05,463 [Worker-502] INFO  o.e.m.w.i.f.ResourceFilteringBuildParticipant - Cleaning filtered folder for frwk
2022-10-18 15:42:10,767 [Worker-509] WARN  o.e.m.c.i.embedder.EclipseLogger - Using platform encoding (UTF-8 actually) to copy filtered resources, i.e. build is platform dependent!
2022-10-18 15:42:10,769 [Worker-509] INFO  o.e.m.c.i.embedder.EclipseLogger - Copying 18 resources
2022-10-18 15:42:10,780 [Worker-509] WARN  o.e.m.c.i.embedder.EclipseLogger - Using platform encoding (UTF-8 actually) to copy filtered resources, i.e. build is platform dependent!
2022-10-18 15:42:10,781 [Worker-509] INFO  o.e.m.c.i.embedder.EclipseLogger - skip non existing resourceDirectory C:\Users\simpl\workspace_kfors\frwk\src\test\resources
2022-10-18 15:42:10,781 [Worker-509] INFO  o.e.m.w.i.f.ResourceFilteringBuildParticipant - Changed resources require a complete clean of filtered resources of frwk
2022-10-18 15:42:10,782 [Worker-509] INFO  o.e.m.w.i.f.ResourceFilteringBuildParticipant - Executing resource filtering for frwk
2022-10-18 15:42:10,788 [Worker-509] WARN  o.e.m.c.i.embedder.EclipseLogger - Using platform encoding (UTF-8 actually) to copy filtered resources, i.e. build is platform dependent!
2022-10-18 15:42:21,219 [Worker-506] INFO  o.e.m.w.i.f.ResourceFilteringBuildParticipant - Cleaning filtered folder for frwk
2022-10-18 15:42:27,058 [Worker-504] WARN  o.e.m.c.i.embedder.EclipseLogger - Using platform encoding (UTF-8 actually) to copy filtered resources, i.e. build is platform dependent!
2022-10-18 15:42:27,059 [Worker-504] INFO  o.e.m.c.i.embedder.EclipseLogger - Copying 18 resources
2022-10-18 15:42:27,068 [Worker-504] WARN  o.e.m.c.i.embedder.EclipseLogger - Using platform encoding (UTF-8 actually) to copy filtered resources, i.e. build is platform dependent!
2022-10-18 15:42:27,069 [Worker-504] INFO  o.e.m.c.i.embedder.EclipseLogger - skip non existing resourceDirectory C:\Users\simpl\workspace_kfors\frwk\src\test\resources
2022-10-18 15:42:27,070 [Worker-504] INFO  o.e.m.w.i.f.ResourceFilteringBuildParticipant - Changed resources require a complete clean of filtered resources of frwk
2022-10-18 15:42:27,071 [Worker-504] INFO  o.e.m.w.i.f.ResourceFilteringBuildParticipant - Executing resource filtering for frwk
2022-10-18 15:42:27,075 [Worker-504] WARN  o.e.m.c.i.embedder.EclipseLogger - Using platform encoding (UTF-8 actually) to copy filtered resources, i.e. build is platform dependent!
2022-10-18 15:58:31,615 [Worker-513] INFO  o.e.m.c.i.p.ProjectConfigurationManager - Update started
2022-10-18 15:58:33,634 [Worker-513] INFO  o.e.m.c.i.l.LifecycleMappingFactory - Using org.maven.ide.eclipse.wtp.WarLifecycleMapping lifecycle mapping for MavenProject: kr.or.focu:frwk:1.0.0 @ C:\Users\simpl\workspace_kfors\frwk\pom.xml.
2022-10-18 15:58:34,408 [Worker-513] WARN  o.e.m.c.i.embedder.EclipseLogger - The POM for com.tmax.tibero:tibero-jdbc:jar:7.0 is missing, no dependency information available
2022-10-18 15:58:37,369 [Worker-513] INFO  o.e.m.j.i.AbstractJavaProjectConfigurator - Adding source folder /frwk/src/main/java
2022-10-18 15:58:37,371 [Worker-513] INFO  o.e.m.j.i.AbstractJavaProjectConfigurator - Adding resource folder /frwk/src/main/resources
2022-10-18 15:58:37,372 [Worker-513] INFO  o.e.m.j.i.AbstractJavaProjectConfigurator - Adding source folder /frwk/src/test/java
2022-10-18 15:58:42,511 [Worker-513] WARN  o.e.m.c.i.embedder.EclipseLogger - The POM for com.tmax.tibero:tibero-jdbc:jar:7.0 is missing, no dependency information available
2022-10-18 15:58:47,064 [Worker-513] INFO  o.e.m.w.i.f.ResourceFilteringBuildParticipant - Cleaning filtered folder for frwk
2022-10-18 15:58:47,094 [Worker-513] INFO  o.e.m.c.i.p.ProjectConfigurationManager - Update completed: 15 sec
2022-10-18 15:59:08,740 [Worker-517] WARN  o.e.m.c.i.embedder.EclipseLogger - The POM for com.tmax.tibero:tibero-jdbc:jar:7.0 is missing, no dependency information available
2022-10-18 15:59:12,098 [Worker-524] WARN  o.e.m.c.i.embedder.EclipseLogger - Using platform encoding (UTF-8 actually) to copy filtered resources, i.e. build is platform dependent!
2022-10-18 15:59:12,105 [Worker-524] INFO  o.e.m.c.i.embedder.EclipseLogger - Copying 18 resources
2022-10-18 15:59:12,293 [Worker-524] WARN  o.e.m.c.i.embedder.EclipseLogger - Using platform encoding (UTF-8 actually) to copy filtered resources, i.e. build is platform dependent!
2022-10-18 15:59:12,295 [Worker-524] INFO  o.e.m.c.i.embedder.EclipseLogger - skip non existing resourceDirectory C:\Users\simpl\workspace_kfors\frwk\src\test\resources
2022-10-18 15:59:12,297 [Worker-524] INFO  o.e.m.w.i.f.ResourceFilteringBuildParticipant - Changed resources require a complete clean of filtered resources of frwk
2022-10-18 15:59:12,297 [Worker-524] INFO  o.e.m.w.i.f.ResourceFilteringBuildParticipant - Executing resource filtering for frwk
2022-10-18 15:59:12,309 [Worker-524] WARN  o.e.m.c.i.embedder.EclipseLogger - Using platform encoding (UTF-8 actually) to copy filtered resources, i.e. build is platform dependent!
2022-10-18 17:03:08,910 [Worker-570] WARN  o.e.m.c.i.embedder.EclipseLogger - Using platform encoding (UTF-8 actually) to copy filtered resources, i.e. build is platform dependent!
2022-10-18 17:03:08,940 [Worker-570] INFO  o.e.m.c.i.embedder.EclipseLogger - Copying 18 resources
2022-10-18 17:03:08,970 [Worker-570] WARN  o.e.m.c.i.embedder.EclipseLogger - Using platform encoding (UTF-8 actually) to copy filtered resources, i.e. build is platform dependent!
2022-10-18 17:03:08,972 [Worker-570] INFO  o.e.m.c.i.embedder.EclipseLogger - skip non existing resourceDirectory C:\Users\simpl\workspace_kfors\frwk\src\test\resources
2022-10-18 17:07:13,394 [Worker-596] INFO  o.e.m.w.i.f.ResourceFilteringBuildParticipant - Cleaning filtered folder for frwk
2022-10-18 17:07:15,070 [Worker-597] WARN  o.e.m.c.i.embedder.EclipseLogger - Using platform encoding (UTF-8 actually) to copy filtered resources, i.e. build is platform dependent!
2022-10-18 17:07:15,074 [Worker-597] INFO  o.e.m.c.i.embedder.EclipseLogger - Copying 18 resources
2022-10-18 17:07:15,173 [Worker-597] WARN  o.e.m.c.i.embedder.EclipseLogger - Using platform encoding (UTF-8 actually) to copy filtered resources, i.e. build is platform dependent!
2022-10-18 17:07:15,174 [Worker-597] INFO  o.e.m.c.i.embedder.EclipseLogger - skip non existing resourceDirectory C:\Users\simpl\workspace_kfors\frwk\src\test\resources
2022-10-18 17:07:15,175 [Worker-597] INFO  o.e.m.w.i.f.ResourceFilteringBuildParticipant - Changed resources require a complete clean of filtered resources of frwk
2022-10-18 17:07:15,175 [Worker-597] INFO  o.e.m.w.i.f.ResourceFilteringBuildParticipant - Executing resource filtering for frwk
2022-10-18 17:07:15,182 [Worker-597] WARN  o.e.m.c.i.embedder.EclipseLogger - Using platform encoding (UTF-8 actually) to copy filtered resources, i.e. build is platform dependent!
2022-10-18 17:08:17,258 [Worker-600] INFO  o.e.m.w.i.f.ResourceFilteringBuildParticipant - Cleaning filtered folder for frwk
2022-10-18 17:08:18,771 [Worker-593] WARN  o.e.m.c.i.embedder.EclipseLogger - Using platform encoding (UTF-8 actually) to copy filtered resources, i.e. build is platform dependent!
2022-10-18 17:08:18,775 [Worker-593] INFO  o.e.m.c.i.embedder.EclipseLogger - Copying 18 resources
2022-10-18 17:08:18,878 [Worker-593] WARN  o.e.m.c.i.embedder.EclipseLogger - Using platform encoding (UTF-8 actually) to copy filtered resources, i.e. build is platform dependent!
2022-10-18 17:08:18,879 [Worker-593] INFO  o.e.m.c.i.embedder.EclipseLogger - skip non existing resourceDirectory C:\Users\simpl\workspace_kfors\frwk\src\test\resources
2022-10-18 17:08:18,880 [Worker-593] INFO  o.e.m.w.i.f.ResourceFilteringBuildParticipant - Changed resources require a complete clean of filtered resources of frwk
2022-10-18 17:08:18,880 [Worker-593] INFO  o.e.m.w.i.f.ResourceFilteringBuildParticipant - Executing resource filtering for frwk
2022-10-18 17:08:18,886 [Worker-593] WARN  o.e.m.c.i.embedder.EclipseLogger - Using platform encoding (UTF-8 actually) to copy filtered resources, i.e. build is platform dependent!
2022-10-18 17:26:48,488 [Worker-605] INFO  o.e.m.w.i.f.ResourceFilteringBuildParticipant - Cleaning filtered folder for frwk
2022-10-18 17:26:50,335 [Worker-603] WARN  o.e.m.c.i.embedder.EclipseLogger - Using platform encoding (UTF-8 actually) to copy filtered resources, i.e. build is platform dependent!
2022-10-18 17:26:50,338 [Worker-603] INFO  o.e.m.c.i.embedder.EclipseLogger - Copying 18 resources
2022-10-18 17:26:50,466 [Worker-603] WARN  o.e.m.c.i.embedder.EclipseLogger - Using platform encoding (UTF-8 actually) to copy filtered resources, i.e. build is platform dependent!
2022-10-18 17:26:50,468 [Worker-603] INFO  o.e.m.c.i.embedder.EclipseLogger - skip non existing resourceDirectory C:\Users\simpl\workspace_kfors\frwk\src\test\resources
2022-10-18 17:26:50,469 [Worker-603] INFO  o.e.m.w.i.f.ResourceFilteringBuildParticipant - Changed resources require a complete clean of filtered resources of frwk
2022-10-18 17:26:50,469 [Worker-603] INFO  o.e.m.w.i.f.ResourceFilteringBuildParticipant - Executing resource filtering for frwk
2022-10-18 17:26:50,477 [Worker-603] WARN  o.e.m.c.i.embedder.EclipseLogger - Using platform encoding (UTF-8 actually) to copy filtered resources, i.e. build is platform dependent!
2022-10-18 17:30:41,000 [Worker-611] INFO  o.e.m.w.i.f.ResourceFilteringBuildParticipant - Cleaning filtered folder for frwk
2022-10-18 17:30:42,526 [Worker-593] WARN  o.e.m.c.i.embedder.EclipseLogger - Using platform encoding (UTF-8 actually) to copy filtered resources, i.e. build is platform dependent!
2022-10-18 17:30:42,530 [Worker-593] INFO  o.e.m.c.i.embedder.EclipseLogger - Copying 18 resources
2022-10-18 17:30:42,633 [Worker-593] WARN  o.e.m.c.i.embedder.EclipseLogger - Using platform encoding (UTF-8 actually) to copy filtered resources, i.e. build is platform dependent!
2022-10-18 17:30:42,634 [Worker-593] INFO  o.e.m.c.i.embedder.EclipseLogger - skip non existing resourceDirectory C:\Users\simpl\workspace_kfors\frwk\src\test\resources
2022-10-18 17:30:42,635 [Worker-593] INFO  o.e.m.w.i.f.ResourceFilteringBuildParticipant - Changed resources require a complete clean of filtered resources of frwk
2022-10-18 17:30:42,635 [Worker-593] INFO  o.e.m.w.i.f.ResourceFilteringBuildParticipant - Executing resource filtering for frwk
2022-10-18 17:30:42,645 [Worker-593] WARN  o.e.m.c.i.embedder.EclipseLogger - Using platform encoding (UTF-8 actually) to copy filtered resources, i.e. build is platform dependent!
2022-10-18 17:36:49,960 [Worker-614] INFO  o.e.m.w.i.f.ResourceFilteringBuildParticipant - Cleaning filtered folder for frwk
2022-10-18 17:36:50,735 [Worker-593] WARN  o.e.m.c.i.embedder.EclipseLogger - Using platform encoding (UTF-8 actually) to copy filtered resources, i.e. build is platform dependent!
2022-10-18 17:36:50,737 [Worker-593] INFO  o.e.m.c.i.embedder.EclipseLogger - Copying 18 resources
2022-10-18 17:36:50,883 [Worker-593] WARN  o.e.m.c.i.embedder.EclipseLogger - Using platform encoding (UTF-8 actually) to copy filtered resources, i.e. build is platform dependent!
2022-10-18 17:36:50,885 [Worker-593] INFO  o.e.m.c.i.embedder.EclipseLogger - skip non existing resourceDirectory C:\Users\simpl\workspace_kfors\frwk\src\test\resources
2022-10-18 17:36:50,885 [Worker-593] INFO  o.e.m.w.i.f.ResourceFilteringBuildParticipant - Changed resources require a complete clean of filtered resources of frwk
2022-10-18 17:36:50,886 [Worker-593] INFO  o.e.m.w.i.f.ResourceFilteringBuildParticipant - Executing resource filtering for frwk
2022-10-18 17:36:50,945 [Worker-593] WARN  o.e.m.c.i.embedder.EclipseLogger - Using platform encoding (UTF-8 actually) to copy filtered resources, i.e. build is platform dependent!
2022-10-18 17:43:09,555 [Worker-603] INFO  o.e.m.c.i.p.ProjectConfigurationManager - Update started
2022-10-18 17:43:11,532 [Worker-603] INFO  o.e.m.c.i.l.LifecycleMappingFactory - Using org.maven.ide.eclipse.wtp.WarLifecycleMapping lifecycle mapping for MavenProject: kr.or.focu:frwk:1.0.0 @ C:\Users\simpl\workspace_kfors\frwk\pom.xml.
2022-10-18 17:43:12,269 [Worker-603] WARN  o.e.m.c.i.embedder.EclipseLogger - The POM for com.tmax.tibero:tibero-jdbc:jar:7.0 is missing, no dependency information available
2022-10-18 17:43:13,654 [Worker-603] WARN  o.e.m.c.i.embedder.EclipseLogger - The POM for com.tmax.tibero:tibero-jdbc:jar:7.0 is missing, no dependency information available
2022-10-18 17:43:16,967 [Worker-603] INFO  o.e.m.j.i.AbstractJavaProjectConfigurator - Adding source folder /frwk/src/main/java
2022-10-18 17:43:16,968 [Worker-603] INFO  o.e.m.j.i.AbstractJavaProjectConfigurator - Adding resource folder /frwk/src/main/resources
2022-10-18 17:43:16,969 [Worker-603] INFO  o.e.m.j.i.AbstractJavaProjectConfigurator - Adding source folder /frwk/src/test/java
2022-10-18 17:43:20,080 [Worker-603] WARN  o.e.m.c.i.embedder.EclipseLogger - The POM for com.tmax.tibero:tibero-jdbc:jar:7.0 is missing, no dependency information available
2022-10-18 17:43:22,188 [Worker-603] INFO  o.e.m.w.i.f.ResourceFilteringBuildParticipant - Cleaning filtered folder for frwk
2022-10-18 17:43:22,214 [Worker-603] INFO  o.e.m.c.i.p.ProjectConfigurationManager - Update completed: 12 sec
2022-10-18 17:43:42,833 [Worker-645] WARN  o.e.m.c.i.embedder.EclipseLogger - The POM for com.tmax.tibero:tibero-jdbc:jar:7.0 is missing, no dependency information available
2022-10-18 17:43:44,630 [Worker-635] WARN  o.e.m.c.i.embedder.EclipseLogger - Using platform encoding (UTF-8 actually) to copy filtered resources, i.e. build is platform dependent!
2022-10-18 17:43:44,633 [Worker-635] INFO  o.e.m.c.i.embedder.EclipseLogger - Copying 18 resources
2022-10-18 17:43:44,792 [Worker-635] WARN  o.e.m.c.i.embedder.EclipseLogger - Using platform encoding (UTF-8 actually) to copy filtered resources, i.e. build is platform dependent!
2022-10-18 17:43:44,794 [Worker-635] INFO  o.e.m.c.i.embedder.EclipseLogger - skip non existing resourceDirectory C:\Users\simpl\workspace_kfors\frwk\src\test\resources
2022-10-18 17:43:44,795 [Worker-635] INFO  o.e.m.w.i.f.ResourceFilteringBuildParticipant - Changed resources require a complete clean of filtered resources of frwk
2022-10-18 17:43:44,795 [Worker-635] INFO  o.e.m.w.i.f.ResourceFilteringBuildParticipant - Executing resource filtering for frwk
2022-10-18 17:43:44,803 [Worker-635] WARN  o.e.m.c.i.embedder.EclipseLogger - Using platform encoding (UTF-8 actually) to copy filtered resources, i.e. build is platform dependent!
2022-10-18 18:47:53,368 [Worker-673] WARN  o.e.m.c.i.embedder.EclipseLogger - Using platform encoding (UTF-8 actually) to copy filtered resources, i.e. build is platform dependent!
2022-10-18 18:47:53,377 [Worker-673] INFO  o.e.m.c.i.embedder.EclipseLogger - Copying 0 resource
2022-10-18 18:47:53,379 [Worker-673] WARN  o.e.m.c.i.embedder.EclipseLogger - Using platform encoding (UTF-8 actually) to copy filtered resources, i.e. build is platform dependent!
2022-10-18 18:47:53,381 [Worker-673] INFO  o.e.m.c.i.embedder.EclipseLogger - skip non existing resourceDirectory C:\Users\simpl\workspace_kfors\frwk\src\test\resources
2022-10-19 11:37:49,583 [Worker-1] INFO  c.g.t.t.d.PublishedGradleVersions - Gradle version information cache is up-to-date. Trying to read.
2022-10-19 12:16:03,077 [Worker-18] INFO  o.e.m.c.i.e.AbstractTransferListenerAdapter - Downloaded file://C:\Users\simpl\workspace_frwk\git/lib/com/tmax/tibero/tibero-jdbc/7.0/tibero-jdbc-7.0.pom
2022-10-19 12:16:03,094 [Worker-18] WARN  o.e.m.c.i.embedder.EclipseLogger - The POM for com.tmax.tibero:tibero-jdbc:jar:7.0 is missing, no dependency information available
2022-10-19 12:16:05,102 [Worker-18] WARN  o.e.m.c.i.embedder.EclipseLogger - The POM for com.tmax.tibero:tibero-jdbc:jar:7.0 is missing, no dependency information available
2022-10-19 13:46:48,654 [main] WARN  o.e.m.c.i.embedder.EclipseLogger - The POM for com.tmax.tibero:tibero-jdbc:jar:7.0 is missing, no dependency information available
2022-10-19 16:51:32,871 [Worker-114] INFO  o.e.m.c.i.l.LifecycleMappingFactory - Using org.maven.ide.eclipse.wtp.WarLifecycleMapping lifecycle mapping for MavenProject: kr.or.focu:frwk:1.0.0 @ C:\Users\simpl\workspace_kfors\frwk\pom.xml.
2022-10-19 16:51:33,744 [Worker-114] WARN  o.e.m.c.i.embedder.EclipseLogger - The POM for com.tmax.tibero:tibero-jdbc:jar:7.0 is missing, no dependency information available
2022-10-19 16:51:35,823 [Worker-114] WARN  o.e.m.c.i.embedder.EclipseLogger - The POM for com.tmax.tibero:tibero-jdbc:jar:7.0 is missing, no dependency information available
2022-10-19 16:51:39,180 [Worker-114] INFO  o.e.m.w.i.f.ResourceFilteringBuildParticipant - Cleaning filtered folder for frwk
2022-10-19 16:51:47,621 [Worker-113] WARN  o.e.m.c.i.embedder.EclipseLogger - The POM for com.tmax.tibero:tibero-jdbc:jar:7.0 is missing, no dependency information available
2022-10-19 16:51:50,009 [Worker-113] WARN  o.e.m.c.i.embedder.EclipseLogger - Using platform encoding (UTF-8 actually) to copy filtered resources, i.e. build is platform dependent!
2022-10-19 16:51:50,030 [Worker-113] INFO  o.e.m.c.i.embedder.EclipseLogger - Copying 18 resources
2022-10-19 16:51:50,218 [Worker-113] WARN  o.e.m.c.i.embedder.EclipseLogger - Using platform encoding (UTF-8 actually) to copy filtered resources, i.e. build is platform dependent!
2022-10-19 16:51:50,220 [Worker-113] INFO  o.e.m.c.i.embedder.EclipseLogger - skip non existing resourceDirectory C:\Users\simpl\workspace_kfors\frwk\src\test\resources
2022-10-19 16:51:50,221 [Worker-113] INFO  o.e.m.w.i.f.ResourceFilteringBuildParticipant - Changed resources require a complete clean of filtered resources of frwk
2022-10-19 16:51:50,223 [Worker-113] INFO  o.e.m.w.i.f.ResourceFilteringBuildParticipant - Executing resource filtering for frwk
2022-10-19 16:51:50,239 [Worker-113] WARN  o.e.m.c.i.embedder.EclipseLogger - Using platform encoding (UTF-8 actually) to copy filtered resources, i.e. build is platform dependent!
